******* 01/08/2023 11: 53: 32 AM - INFO - send keys or data on ('css selector', '.MuiOutlinedInput-input.MuiInputBase-input.css-1sxenmq')
******* 01/08/2023 11: 53: 32 AM - INFO - ('css selector', '.MuiOutlinedInput-input.MuiInputBase-input.css-1sxenmq') is visible
******* 01/08/2023 11: 53: 34 AM - INFO - send keys or data on ('id', ':r1:')
******* 01/08/2023 11: 53: 34 AM - INFO - ('id', ':r1:') is visible
******* 01/08/2023 11: 53: 34 AM - INFO - do click on ('css selector', '.MuiBox-root.css-1yuhhex button')
******* 01/08/2023 11: 53: 34 AM - INFO - ('css selector', '.MuiBox-root.css-1yuhhex button') is clickable
******* 01/08/2023 11: 53: 34 AM - INFO - do click on ('css selector', '.MuiBox-root.css-70qvj9 button:nth-child(4)')
******* 01/08/2023 11: 53: 34 AM - INFO - ('css selector', '.MuiBox-root.css-70qvj9 button:nth-child(4)') is clickable
******* 01/08/2023 11: 53: 36 AM - INFO - send keys or data on ('css selector', '.MuiInputBase-input.MuiOutlinedInput-input.css-1sxenmq')
******* 01/08/2023 11: 53: 36 AM - INFO - ('css selector', '.MuiInputBase-input.MuiOutlinedInput-input.css-1sxenmq') is visible
******* 01/08/2023 11: 53: 37 AM - INFO - do click on ('xpath', '//div[contains(text(),"200mTestQa")]')
******* 01/08/2023 11: 53: 37 AM - INFO - ('xpath', '//div[contains(text(),"200mTestQa")]') is clickable
******* 01/08/2023 11: 53: 37 AM - INFO - do click on ('css selector', '.MuiBox-root.css-1oevkxy button:nth-child(2)')
******* 01/08/2023 11: 53: 37 AM - INFO - ('css selector', '.MuiBox-root.css-1oevkxy button:nth-child(2)') is clickable
******* 01/08/2023 11: 53: 37 AM - INFO - do click on ('css selector', '.MuiBox-root.css-ndh2dq button')
******* 01/08/2023 11: 53: 37 AM - INFO - ('css selector', '.MuiBox-root.css-ndh2dq button') is clickable
******* 01/08/2023 11: 53: 37 AM - INFO - do click on ('css selector', '.MuiCardContent-root.css-5y4tke')
******* 01/08/2023 11: 53: 37 AM - INFO - ('css selector', '.MuiCardContent-root.css-5y4tke') is clickable
******* 01/08/2023 11: 53: 37 AM - INFO - send keys or data on ('css selector', '.MuiInputBase-input.MuiOutlinedInput-input.css-1sxenmq')
******* 01/08/2023 11: 53: 37 AM - INFO - ('css selector', '.MuiInputBase-input.MuiOutlinedInput-input.css-1sxenmq') is visible
******* 01/08/2023 11: 53: 37 AM - INFO - do click on ('css selector', '.MuiSelect-select.MuiSelect-outlined.MuiInputBase-input.MuiOutlinedInput-input.MuiInputBase-inputAdornedStart.css-pgaui2')
******* 01/08/2023 11: 53: 37 AM - INFO - ('css selector', '.MuiSelect-select.MuiSelect-outlined.MuiInputBase-input.MuiOutlinedInput-input.MuiInputBase-inputAdornedStart.css-pgaui2') is clickable
******* 01/08/2023 11: 53: 37 AM - INFO - do click on ('css selector', '.MuiList-root.MuiList-padding.MuiMenu-list.css-r8u8y9 li:nth-child(2)')
******* 01/08/2023 11: 53: 37 AM - INFO - ('css selector', '.MuiList-root.MuiList-padding.MuiMenu-list.css-r8u8y9 li:nth-child(2)') is clickable
******* 01/08/2023 11: 53: 37 AM - INFO - do click on ('css selector', '.css-1s2p0j8 div:nth-child(3) div:nth-child(2)')
******* 01/08/2023 11: 53: 37 AM - INFO - ('css selector', '.css-1s2p0j8 div:nth-child(3) div:nth-child(2)') is clickable
******* 01/08/2023 11: 53: 38 AM - INFO - do click on ('css selector', '.MuiList-root.MuiList-padding.MuiMenu-list.css-r8u8y9 li:nth-child(2)')
******* 01/08/2023 11: 53: 38 AM - INFO - ('css selector', '.MuiList-root.MuiList-padding.MuiMenu-list.css-r8u8y9 li:nth-child(2)') is clickable
******* 01/08/2023 11: 53: 38 AM - INFO - do click on ('css selector', '.MuiBox-root.css-1h9zagw button:nth-child(2)')
******* 01/08/2023 11: 53: 38 AM - INFO - ('css selector', '.MuiBox-root.css-1h9zagw button:nth-child(2)') is clickable
******* 01/08/2023 11: 53: 38 AM - INFO - do click on ('css selector', '.MuiBox-root.css-1oevkxy button:nth-child(2)')
******* 01/08/2023 11: 53: 38 AM - INFO - ('css selector', '.MuiBox-root.css-1oevkxy button:nth-child(2)') is clickable
******* 01/08/2023 11: 53: 38 AM - INFO - get text from ('xpath', '//p[contains(text(),"200mTest")]')
******* 01/08/2023 11: 53: 38 AM - INFO - ('xpath', '//p[contains(text(),"200mTest")]') is visible
******* 01/08/2023 11: 53: 51 AM - INFO - do click on ('css selector', '.MuiButtonBase-root.MuiIconButton-root.MuiIconButton-sizeMedium.css-1yxmbwk')
******* 01/08/2023 11: 53: 51 AM - INFO - ('css selector', '.MuiButtonBase-root.MuiIconButton-root.MuiIconButton-sizeMedium.css-1yxmbwk') is clickable
******* 01/08/2023 11: 54: 02 AM - INFO - do click on ('css selector', '.MuiBox-root.css-1l4w6pd button:nth-child(1)')
******* 01/08/2023 11: 54: 02 AM - INFO - ('css selector', '.MuiBox-root.css-1l4w6pd button:nth-child(1)') is clickable
******* 01/08/2023 11: 54: 02 AM - INFO - get text from ('css selector', '.MuiTypography-root.MuiTypography-body1.MuiTypography-alignCenter.css-ustd3q')
******* 01/08/2023 11: 54: 02 AM - INFO - ('css selector', '.MuiTypography-root.MuiTypography-body1.MuiTypography-alignCenter.css-ustd3q') is visible
******* 01/08/2023 11: 54: 04 AM - INFO - send keys or data on ('css selector', '.MuiOutlinedInput-input.MuiInputBase-input.css-1sxenmq')
******* 01/08/2023 11: 54: 04 AM - INFO - ('css selector', '.MuiOutlinedInput-input.MuiInputBase-input.css-1sxenmq') is visible
******* 01/08/2023 11: 54: 05 AM - INFO - send keys or data on ('id', ':r1:')
******* 01/08/2023 11: 54: 05 AM - INFO - ('id', ':r1:') is visible
******* 01/08/2023 11: 54: 05 AM - INFO - do click on ('css selector', '.MuiBox-root.css-1yuhhex button')
******* 01/08/2023 11: 54: 05 AM - INFO - ('css selector', '.MuiBox-root.css-1yuhhex button') is clickable
******* 01/08/2023 11: 54: 05 AM - INFO - do click on ('css selector', '.MuiBox-root.css-70qvj9 button:nth-child(4)')
******* 01/08/2023 11: 54: 05 AM - INFO - ('css selector', '.MuiBox-root.css-70qvj9 button:nth-child(4)') is clickable
******* 01/08/2023 11: 54: 07 AM - INFO - send keys or data on ('css selector', '.MuiInputBase-input.MuiOutlinedInput-input.css-1sxenmq')
******* 01/08/2023 11: 54: 07 AM - INFO - ('css selector', '.MuiInputBase-input.MuiOutlinedInput-input.css-1sxenmq') is visible
******* 01/08/2023 11: 54: 07 AM - INFO - do click on ('xpath', '//div[contains(text(),"14kmAllTracker")]')
******* 01/08/2023 11: 54: 07 AM - INFO - ('xpath', '//div[contains(text(),"14kmAllTracker")]') is clickable
******* 01/08/2023 11: 54: 07 AM - INFO - do click on ('css selector', '.MuiBox-root.css-1oevkxy button:nth-child(2)')
******* 01/08/2023 11: 54: 07 AM - INFO - ('css selector', '.MuiBox-root.css-1oevkxy button:nth-child(2)') is clickable
******* 01/08/2023 11: 54: 07 AM - INFO - do click on ('css selector', '.MuiBox-root.css-ndh2dq button')
******* 01/08/2023 11: 54: 07 AM - INFO - ('css selector', '.MuiBox-root.css-ndh2dq button') is clickable
******* 01/08/2023 11: 54: 07 AM - INFO - do click on ('css selector', '.MuiCardContent-root.css-5y4tke')
******* 01/08/2023 11: 54: 08 AM - INFO - ('css selector', '.MuiCardContent-root.css-5y4tke') is clickable
******* 01/08/2023 11: 54: 08 AM - INFO - send keys or data on ('css selector', '.MuiInputBase-input.MuiOutlinedInput-input.css-1sxenmq')
******* 01/08/2023 11: 54: 08 AM - INFO - ('css selector', '.MuiInputBase-input.MuiOutlinedInput-input.css-1sxenmq') is visible
******* 01/08/2023 11: 54: 08 AM - INFO - do click on ('css selector', '.MuiSelect-select.MuiSelect-outlined.MuiInputBase-input.MuiOutlinedInput-input.MuiInputBase-inputAdornedStart.css-pgaui2')
******* 01/08/2023 11: 54: 08 AM - INFO - ('css selector', '.MuiSelect-select.MuiSelect-outlined.MuiInputBase-input.MuiOutlinedInput-input.MuiInputBase-inputAdornedStart.css-pgaui2') is clickable
******* 01/08/2023 11: 54: 08 AM - INFO - do click on ('css selector', '.MuiList-root.MuiList-padding.MuiMenu-list.css-r8u8y9 li:nth-child(2)')
******* 01/08/2023 11: 54: 08 AM - INFO - ('css selector', '.MuiList-root.MuiList-padding.MuiMenu-list.css-r8u8y9 li:nth-child(2)') is clickable
******* 01/08/2023 11: 54: 08 AM - INFO - do click on ('css selector', '.css-1s2p0j8 div:nth-child(3) div:nth-child(2)')
******* 01/08/2023 11: 54: 08 AM - INFO - ('css selector', '.css-1s2p0j8 div:nth-child(3) div:nth-child(2)') is clickable
******* 01/08/2023 11: 54: 08 AM - INFO - do click on ('css selector', '.MuiList-root.MuiList-padding.MuiMenu-list.css-r8u8y9 li:nth-child(2)')
******* 01/08/2023 11: 54: 08 AM - INFO - ('css selector', '.MuiList-root.MuiList-padding.MuiMenu-list.css-r8u8y9 li:nth-child(2)') is clickable
******* 01/08/2023 11: 54: 08 AM - INFO - do click on ('css selector', '.MuiBox-root.css-1h9zagw button:nth-child(2)')
******* 01/08/2023 11: 54: 08 AM - INFO - ('css selector', '.MuiBox-root.css-1h9zagw button:nth-child(2)') is clickable
******* 01/08/2023 11: 54: 09 AM - INFO - do click on ('css selector', '.MuiButtonBase-root.MuiButton-root.MuiButton-contained.MuiButton-containedPrimary.MuiButton-sizeMedium.MuiButton-containedSizeMedium.css-o0z51j')
******* 01/08/2023 11: 54: 09 AM - INFO - ('css selector', '.MuiButtonBase-root.MuiButton-root.MuiButton-contained.MuiButton-containedPrimary.MuiButton-sizeMedium.MuiButton-containedSizeMedium.css-o0z51j') is clickable
******* 01/08/2023 11: 54: 09 AM - INFO - do click on ('css selector', '.MuiBox-root.css-abw72h div:nth-child(2)')
******* 01/08/2023 11: 54: 09 AM - INFO - ('css selector', '.MuiBox-root.css-abw72h div:nth-child(2)') is clickable
******* 01/08/2023 11: 54: 09 AM - INFO - send keys or data on ('css selector', '.MuiInputBase-input.MuiOutlinedInput-input.css-1sxenmq')
******* 01/08/2023 11: 54: 09 AM - INFO - ('css selector', '.MuiInputBase-input.MuiOutlinedInput-input.css-1sxenmq') is visible
******* 01/08/2023 11: 54: 09 AM - INFO - do click on ('xpath', '//span[contains(text(),"Base bottom")]')
******* 01/08/2023 11: 54: 09 AM - INFO - ('xpath', '//span[contains(text(),"Base bottom")]') is clickable
******* 01/08/2023 11: 54: 09 AM - INFO - do click on ('css selector', '.MuiBox-root.css-1h9zagw button:nth-child(2)')
******* 01/08/2023 11: 54: 09 AM - INFO - ('css selector', '.MuiBox-root.css-1h9zagw button:nth-child(2)') is clickable
******* 01/08/2023 11: 54: 10 AM - INFO - do click on ('css selector', '.MuiButtonBase-root.MuiButton-root.MuiButton-contained.MuiButton-containedPrimary.MuiButton-sizeMedium.MuiButton-containedSizeMedium.css-o0z51j')
******* 01/08/2023 11: 54: 10 AM - INFO - ('css selector', '.MuiButtonBase-root.MuiButton-root.MuiButton-contained.MuiButton-containedPrimary.MuiButton-sizeMedium.MuiButton-containedSizeMedium.css-o0z51j') is clickable
******* 01/08/2023 11: 54: 10 AM - INFO - do click on ('css selector', '.MuiGrid-root.MuiGrid-container.MuiGrid-spacing-xs-4.css-17xlo9l  div:nth-child(3)')
******* 01/08/2023 11: 54: 10 AM - INFO - ('css selector', '.MuiGrid-root.MuiGrid-container.MuiGrid-spacing-xs-4.css-17xlo9l  div:nth-child(3)') is clickable
******* 01/08/2023 11: 54: 10 AM - INFO - send keys or data on ('css selector', '.MuiInputBase-input.MuiOutlinedInput-input.css-1sxenmq')
******* 01/08/2023 11: 54: 10 AM - INFO - ('css selector', '.MuiInputBase-input.MuiOutlinedInput-input.css-1sxenmq') is visible
******* 01/08/2023 11: 54: 10 AM - INFO - do click on ('xpath', '//span[contains(text(),"Asphalt bottom")]')
******* 01/08/2023 11: 54: 10 AM - INFO - ('xpath', '//span[contains(text(),"Asphalt bottom")]') is clickable
******* 01/08/2023 11: 54: 10 AM - INFO - do click on ('xpath', '//span[contains(text(),"Base bottom")]')
******* 01/08/2023 11: 54: 10 AM - INFO - ('xpath', '//span[contains(text(),"Base bottom")]') is clickable
******* 01/08/2023 11: 54: 11 AM - INFO - do click on ('css selector', '.MuiBox-root.css-1h9zagw button:nth-child(2)')
******* 01/08/2023 11: 54: 11 AM - INFO - ('css selector', '.MuiBox-root.css-1h9zagw button:nth-child(2)') is clickable
******* 01/08/2023 11: 54: 11 AM - INFO - do click on ('css selector', '.MuiBox-root.css-1oevkxy button:nth-child(2)')
******* 01/08/2023 11: 54: 11 AM - INFO - ('css selector', '.MuiBox-root.css-1oevkxy button:nth-child(2)') is clickable
******* 01/08/2023 11: 54: 11 AM - INFO - get text from ('xpath', '//p[contains(text(),"14km_all_tracker")]')
******* 01/08/2023 11: 54: 11 AM - INFO - ('xpath', '//p[contains(text(),"14km_all_tracker")]') is visible
******* 01/08/2023 11: 54: 24 AM - INFO - do click on ('css selector', '.MuiButtonBase-root.MuiIconButton-root.MuiIconButton-sizeMedium.css-1yxmbwk')
******* 01/08/2023 11: 54: 24 AM - INFO - ('css selector', '.MuiButtonBase-root.MuiIconButton-root.MuiIconButton-sizeMedium.css-1yxmbwk') is clickable
******* 01/08/2023 12: 00: 00 PM - INFO - do click on ('css selector', '.MuiBox-root.css-1l4w6pd button:nth-child(1)')
******* 01/08/2023 12: 00: 00 PM - INFO - ('css selector', '.MuiBox-root.css-1l4w6pd button:nth-child(1)') is clickable
******* 01/08/2023 12: 00: 00 PM - INFO - get text from ('css selector', '.MuiTypography-root.MuiTypography-body1.MuiTypography-alignCenter.css-ustd3q')
******* 01/08/2023 12: 00: 00 PM - INFO - ('css selector', '.MuiTypography-root.MuiTypography-body1.MuiTypography-alignCenter.css-ustd3q') is visible
******* 01/08/2023 12: 00: 08 PM - INFO - send keys or data on ('css selector', '.MuiOutlinedInput-input.MuiInputBase-input.css-1sxenmq')
******* 01/08/2023 12: 00: 08 PM - INFO - ('css selector', '.MuiOutlinedInput-input.MuiInputBase-input.css-1sxenmq') is visible
******* 01/08/2023 12: 00: 10 PM - INFO - send keys or data on ('id', ':r1:')
******* 01/08/2023 12: 00: 10 PM - INFO - ('id', ':r1:') is visible
******* 01/08/2023 12: 00: 10 PM - INFO - do click on ('css selector', '.MuiBox-root.css-1yuhhex button')
******* 01/08/2023 12: 00: 10 PM - INFO - ('css selector', '.MuiBox-root.css-1yuhhex button') is clickable
******* 01/08/2023 12: 00: 10 PM - INFO - get text from ('css selector', '.MuiTypography-root.MuiTypography-h5.css-1spu3xu')
******* 01/08/2023 12: 00: 10 PM - INFO - ('css selector', '.MuiTypography-root.MuiTypography-h5.css-1spu3xu') is visible
******* 01/08/2023 12: 00: 13 PM - INFO - send keys or data on ('css selector', '.MuiOutlinedInput-input.MuiInputBase-input.css-1sxenmq')
******* 01/08/2023 12: 00: 13 PM - INFO - ('css selector', '.MuiOutlinedInput-input.MuiInputBase-input.css-1sxenmq') is visible
******* 01/08/2023 12: 00: 15 PM - INFO - send keys or data on ('id', ':r1:')
******* 01/08/2023 12: 00: 15 PM - INFO - ('id', ':r1:') is visible
******* 01/08/2023 12: 00: 15 PM - INFO - do click on ('css selector', '.MuiBox-root.css-1yuhhex button')
******* 01/08/2023 12: 00: 15 PM - INFO - ('css selector', '.MuiBox-root.css-1yuhhex button') is clickable
******* 01/08/2023 12: 00: 15 PM - INFO - get text from ('css selector', '.MuiAlert-message.css-1w0ym84')
******* 01/08/2023 12: 00: 15 PM - INFO - ('css selector', '.MuiAlert-message.css-1w0ym84') is visible
******* 01/08/2023 12: 00: 17 PM - INFO - send keys or data on ('id', ':r1:')
******* 01/08/2023 12: 00: 17 PM - INFO - ('id', ':r1:') is visible
******* 01/08/2023 12: 00: 19 PM - INFO - do click on ('css selector', '.MuiBox-root.css-1yuhhex button')
******* 01/08/2023 12: 00: 19 PM - INFO - ('css selector', '.MuiBox-root.css-1yuhhex button') is clickable
******* 01/08/2023 12: 00: 19 PM - INFO - get text from ('id', ':r0:-label')
******* 01/08/2023 12: 00: 19 PM - INFO - ('id', ':r0:-label') is visible
******* 01/08/2023 12: 00: 20 PM - INFO - send keys or data on ('css selector', '.MuiOutlinedInput-input.MuiInputBase-input.css-1sxenmq')
******* 01/08/2023 12: 00: 20 PM - INFO - ('css selector', '.MuiOutlinedInput-input.MuiInputBase-input.css-1sxenmq') is visible
******* 01/08/2023 12: 00: 22 PM - INFO - do click on ('css selector', '.MuiBox-root.css-1yuhhex button')
******* 01/08/2023 12: 00: 22 PM - INFO - ('css selector', '.MuiBox-root.css-1yuhhex button') is clickable
******* 01/08/2023 12: 00: 22 PM - INFO - get text from ('css selector', '.MuiTypography-root.MuiTypography-body1.css-qxa0uy')
******* 01/08/2023 12: 00: 22 PM - INFO - ('css selector', '.MuiTypography-root.MuiTypography-body1.css-qxa0uy') is visible
******* 01/08/2023 12: 00: 24 PM - INFO - do click on ('css selector', '.MuiTypography-root.MuiTypography-inherit.MuiLink-root.MuiLink-underlineAlways.sign-in__forgot-password-link.css-1aeq63l')
******* 01/08/2023 12: 00: 24 PM - INFO - ('css selector', '.MuiTypography-root.MuiTypography-inherit.MuiLink-root.MuiLink-underlineAlways.sign-in__forgot-password-link.css-1aeq63l') is clickable
******* 01/08/2023 12: 00: 25 PM - INFO - send keys or data on ('css selector', '.MuiOutlinedInput-input.MuiInputBase-input.css-1sxenmq')
******* 01/08/2023 12: 00: 25 PM - INFO - ('css selector', '.MuiOutlinedInput-input.MuiInputBase-input.css-1sxenmq') is visible
******* 01/08/2023 12: 00: 25 PM - INFO - do click on ('css selector', '.MuiButton-root.MuiButton-contained.MuiButton-containedPrimary.MuiButton-sizeMedium.MuiButton-containedSizeMedium.MuiButtonBase-root.css-1yawhyg')
******* 01/08/2023 12: 00: 25 PM - INFO - ('css selector', '.MuiButton-root.MuiButton-contained.MuiButton-containedPrimary.MuiButton-sizeMedium.MuiButton-containedSizeMedium.MuiButtonBase-root.css-1yawhyg') is clickable
******* 01/08/2023 12: 00: 25 PM - INFO - get text from ('css selector', '.MuiAlert-message.css-1w0ym84')
******* 01/08/2023 12: 00: 25 PM - INFO - ('css selector', '.MuiAlert-message.css-1w0ym84') is visible
******* 01/08/2023 12: 00: 27 PM - INFO - do click on ('css selector', '.MuiTypography-root.MuiTypography-inherit.MuiLink-root.MuiLink-underlineAlways.sign-in__forgot-password-link.css-1aeq63l')
******* 01/08/2023 12: 00: 27 PM - INFO - ('css selector', '.MuiTypography-root.MuiTypography-inherit.MuiLink-root.MuiLink-underlineAlways.sign-in__forgot-password-link.css-1aeq63l') is clickable
******* 01/08/2023 12: 00: 28 PM - INFO - do click on ('css selector', '.MuiTypography-root.MuiTypography-inherit.MuiLink-root.MuiLink-underlineAlways.css-1geud7x')
******* 01/08/2023 12: 00: 28 PM - INFO - ('css selector', '.MuiTypography-root.MuiTypography-inherit.MuiLink-root.MuiLink-underlineAlways.css-1geud7x') is clickable
******* 01/08/2023 12: 00: 28 PM - INFO - get text from ('css selector', '.MuiTypography-root.MuiTypography-h5.css-178m04z')
******* 01/08/2023 12: 00: 28 PM - INFO - ('css selector', '.MuiTypography-root.MuiTypography-h5.css-178m04z') is visible
******* 01/08/2023 12: 00: 30 PM - INFO - send keys or data on ('css selector', '.MuiOutlinedInput-input.MuiInputBase-input.css-1sxenmq')
******* 01/08/2023 12: 00: 30 PM - INFO - ('css selector', '.MuiOutlinedInput-input.MuiInputBase-input.css-1sxenmq') is visible
******* 01/08/2023 12: 00: 32 PM - INFO - send keys or data on ('id', ':r1:')
******* 01/08/2023 12: 00: 32 PM - INFO - ('id', ':r1:') is visible
******* 01/08/2023 12: 00: 32 PM - INFO - do click on ('css selector', '.MuiBox-root.css-1yuhhex button')
******* 01/08/2023 12: 00: 32 PM - INFO - ('css selector', '.MuiBox-root.css-1yuhhex button') is clickable
******* 01/08/2023 12: 00: 32 PM - INFO - do click on ('css selector', '.logo')
******* 01/08/2023 12: 00: 32 PM - INFO - ('css selector', '.logo') is clickable
******* 01/08/2023 12: 00: 34 PM - INFO - do click on ('css selector', '.MuiBox-root.css-2sya8s div:nth-child(2)')
******* 01/08/2023 12: 00: 34 PM - INFO - ('css selector', '.MuiBox-root.css-2sya8s div:nth-child(2)') is clickable
******* 01/08/2023 12: 00: 34 PM - INFO - get text from ('css selector', '.MuiTypography-root.MuiTypography-h5.css-mw8q1s')
******* 01/08/2023 12: 00: 34 PM - INFO - ('css selector', '.MuiTypography-root.MuiTypography-h5.css-mw8q1s') is visible
